<?xml version="1.0" encoding="UTF-8"?>
<!-- Generated by org.testng.reporters.JUnitReportReporter -->
<testsuite hostname="OPTIMUSPRIME" failures="0" tests="3" name="com.NxtgenAI.Pages.Register_User" time="16.659" errors="0" timestamp="2023-06-20T16:43:54 IST" skipped="0">
  <testcase classname="com.NxtgenAI.Pages.Register_User" name="lunchApplication" time="11.298">
    <system-out>
      <![CDATA[Application is Lunched]]>
    </system-out>
  </testcase> <!-- lunchApplication -->
  <testcase classname="com.NxtgenAI.Pages.Register_User" name="registerUser" time="5.196">
    <system-out>
      <![CDATA[First Name is:Subhasmita
Subhasmita
Last Name is:Jena
Female Radio Button is Slected
Street Address is:Chansandara
Appartment address is:Isha Misty Green
City Name is:Bangalore
Country Name is:India
Postal Code is:560067
State Address is:Karnataka
Email is:subhasmitadoll@gmail.com
Date of Birth is:02/05/1994
Hour is:05
Hour is:45
Mobile no is:7853860002
First Course is selected
Second Course is selected
Query is:I choose TestNg and Functional Testing
Verification Number is:45
Submit Button is Clicked
User is Registered]]>
    </system-out>
  </testcase> <!-- registerUser -->
  <testcase classname="com.NxtgenAI.Pages.Register_User" name="closeApplication" time="0.165">
    <system-out>
      <![CDATA[Application is Closed]]>
    </system-out>
  </testcase> <!-- closeApplication -->
  <system-out>
    <![CDATA[Application is Lunched
First Name is:Subhasmita
Subhasmita
Last Name is:Jena
Female Radio Button is Slected
Street Address is:Chansandara
Appartment address is:Isha Misty Green
City Name is:Bangalore
Country Name is:India
Postal Code is:560067
State Address is:Karnataka
Email is:subhasmitadoll@gmail.com
Date of Birth is:02/05/1994
Hour is:05
Hour is:45
Mobile no is:7853860002
First Course is selected
Second Course is selected
Query is:I choose TestNg and Functional Testing
Verification Number is:45
Submit Button is Clicked
User is Registered
Application is Closed]]>
  </system-out>
</testsuite> <!-- com.NxtgenAI.Pages.Register_User -->
