<?xml version="1.0" encoding="UTF-8"?>
<!-- Generated by org.testng.reporters.JUnitReportReporter -->
<testsuite hostname="OPTIMUSPRIME" failures="0" tests="4" name="com.testNG.Program.Alphabetic_Order" time="0.118" errors="0" timestamp="09 Jun 2023 16:07:24 GMT" skipped="0">
  <testcase classname="com.testNG.Program.Alphabetic_Order" name="closeAppliction" time="0.038"/>
  <testcase classname="com.testNG.Program.Alphabetic_Order" name="searchText" time="0.070"/>
  <testcase classname="com.testNG.Program.Alphabetic_Order" name="lunchApplication" time="0.007"/>
  <testcase classname="com.testNG.Program.Alphabetic_Order" name="maxApplication" time="0.003"/>
</testsuite> <!-- com.testNG.Program.Alphabetic_Order -->
