<?xml version="1.0" encoding="UTF-8"?>
<!-- Generated by org.testng.reporters.JUnitReportReporter -->
<testsuite hostname="OPTIMUSPRIME" failures="0" tests="4" name="com.testNG.Program.IgnoreCase_TestNg" time="0.035" errors="0" timestamp="09 Jun 2023 07:50:09 GMT" skipped="1">
  <testcase classname="com.testNG.Program.IgnoreCase_TestNg" name="lunchAppliction" time="0.027"/>
  <testcase classname="com.testNG.Program.IgnoreCase_TestNg" name="maxApplication" time="0.004"/>
  <testcase classname="com.testNG.Program.IgnoreCase_TestNg" name="closeAppliction" time="0.004"/>
  <testcase classname="com.testNG.Program.IgnoreCase_TestNg" name="searchText">
    <skipped/>
  </testcase> <!-- searchText -->
</testsuite> <!-- com.testNG.Program.IgnoreCase_TestNg -->
