<?xml version="1.0" encoding="UTF-8"?>
<!-- Generated by org.testng.reporters.JUnitReportReporter -->
<testsuite hostname="OPTIMUSPRIME" failures="0" tests="4" name="com.TestNg_Methods.ScreenNavigation_Method" time="0.128" errors="0" timestamp="2023-06-13T21:09:59 IST" skipped="0">
  <testcase classname="com.TestNg_Methods.ScreenNavigation_Method" name="navigateToRegistrationForm" time="0.010"/>
  <testcase classname="com.TestNg_Methods.ScreenNavigation_Method" name="navigateToAlertAndPopUp" time="0.094"/>
  <testcase classname="com.TestNg_Methods.ScreenNavigation_Method" name="navigateToMultipleWindows" time="0.010"/>
  <testcase classname="com.TestNg_Methods.ScreenNavigation_Method" name="navigateToWebTable" time="0.014"/>
</testsuite> <!-- com.TestNg_Methods.ScreenNavigation_Method -->
