<?xml version="1.0" encoding="UTF-8"?>
<!-- Generated by org.testng.reporters.JUnitReportReporter -->
<testsuite hostname="OPTIMUSPRIME" failures="0" tests="6" name="com.testNG.Program.Soft_Dependency_TestNG" time="0.020" errors="0" timestamp="2023-06-13T21:09:59 IST" skipped="0">
  <testcase classname="com.testNG.Program.Soft_Dependency_TestNG" name="closeApplication" time="0.003"/>
  <testcase classname="com.testNG.Program.Soft_Dependency_TestNG" name="CheckCurrentAccountBalance" time="0.004"/>
  <testcase classname="com.testNG.Program.Soft_Dependency_TestNG" name="loginUser" time="0.003"/>
  <testcase classname="com.testNG.Program.Soft_Dependency_TestNG" name="logOut" time="0.003"/>
  <testcase classname="com.testNG.Program.Soft_Dependency_TestNG" name="CheckSavingAccountBalance" time="0.002"/>
  <testcase classname="com.testNG.Program.Soft_Dependency_TestNG" name="lunchApplication" time="0.005"/>
</testsuite> <!-- com.testNG.Program.Soft_Dependency_TestNG -->
