<?xml version="1.0" encoding="UTF-8"?>
<!-- Generated by org.testng.reporters.JUnitReportReporter -->
<testsuite hostname="OPTIMUSPRIME" failures="0" tests="2" name="com.TestNg_Methods.MultiBrowserTesting" time="0.022" errors="0" timestamp="2023-06-15T21:29:00 IST" skipped="0">
  <testcase classname="com.TestNg_Methods.MultiBrowserTesting" name="f" time="0.019"/>
  <testcase classname="com.TestNg_Methods.MultiBrowserTesting" name="f" time="0.003"/>
  <system-out>
    <![CDATA[Application is lunched
Application is lunched
Application is closed
Application is lunched
Application is closed]]>
  </system-out>
</testsuite> <!-- com.TestNg_Methods.MultiBrowserTesting -->
