<?xml version="1.0" encoding="UTF-8"?>
<!-- Generated by org.testng.reporters.JUnitReportReporter -->
<testsuite hostname="OPTIMUSPRIME" failures="0" tests="5" name="com.com.ExtentReport.ExtentReport" time="0.053" errors="0" timestamp="2023-06-28T16:42:51 IST" skipped="0">
  <testcase classname="com.com.ExtentReport.ExtentReport" name="lunchApplication" time="0.036"/>
  <testcase classname="com.com.ExtentReport.ExtentReport" name="failedTestCase" time="0.003"/>
  <testcase classname="com.com.ExtentReport.ExtentReport" name="warningTestCase" time="0.003"/>
  <testcase classname="com.com.ExtentReport.ExtentReport" name="skippingTestCase" time="0.004"/>
  <testcase classname="com.com.ExtentReport.ExtentReport" name="informationTestCase" time="0.007"/>
</testsuite> <!-- com.com.ExtentReport.ExtentReport -->
