<?xml version="1.0" encoding="UTF-8"?>
<!-- Generated by org.testng.reporters.JUnitReportReporter -->
<testsuite hostname="OPTIMUSPRIME" failures="0" tests="4" name="com.TestNg_Methods.ScreenNavigation_Method" time="0.033" errors="0" timestamp="2024-04-02T20:59:58 IST" skipped="0">
  <testcase classname="com.TestNg_Methods.ScreenNavigation_Method" name="navigateToRegistrationForm" time="0.004"/>
  <testcase classname="com.TestNg_Methods.ScreenNavigation_Method" name="navigateToAlertAndPopUp" time="0.022"/>
  <testcase classname="com.TestNg_Methods.ScreenNavigation_Method" name="navigateToMultipleWindows" time="0.003"/>
  <testcase classname="com.TestNg_Methods.ScreenNavigation_Method" name="navigateToWebTable" time="0.004"/>
</testsuite> <!-- com.TestNg_Methods.ScreenNavigation_Method -->
