<?xml version="1.0" encoding="UTF-8"?>
<!-- Generated by org.testng.reporters.JUnitReportReporter -->
<testsuite hostname="OPTIMUSPRIME" failures="0" tests="4" name="com.testNG.Program.Priority_TestNg" time="0.036" errors="0" timestamp="09 Jun 2023 07:46:35 GMT" skipped="0">
  <testcase classname="com.testNG.Program.Priority_TestNg" name="lunchAppliction" time="0.026"/>
  <testcase classname="com.testNG.Program.Priority_TestNg" name="maxApplication" time="0.003"/>
  <testcase classname="com.testNG.Program.Priority_TestNg" name="searchText" time="0.003"/>
  <testcase classname="com.testNG.Program.Priority_TestNg" name="closeAppliction" time="0.004"/>
</testsuite> <!-- com.testNG.Program.Priority_TestNg -->
