<?xml version="1.0" encoding="UTF-8"?>
<!-- Generated by org.testng.reporters.JUnitReportReporter -->
<testsuite hostname="OPTIMUSPRIME" failures="0" tests="4" name="com.testNG.Program.Alphabetic_Order" time="0.023" errors="0" timestamp="2024-04-02T19:35:12 IST" skipped="0">
  <testcase classname="com.testNG.Program.Alphabetic_Order" name="lunchApplication" time="0.015"/>
  <testcase classname="com.testNG.Program.Alphabetic_Order" name="maxApplication" time="0.002"/>
  <testcase classname="com.testNG.Program.Alphabetic_Order" name="searchText" time="0.004"/>
  <testcase classname="com.testNG.Program.Alphabetic_Order" name="closeApplication" time="0.002"/>
</testsuite> <!-- com.testNG.Program.Alphabetic_Order -->
