<?xml version="1.0" encoding="UTF-8"?>
<!-- Generated by org.testng.reporters.JUnitReportReporter -->
<testsuite hostname="OPTIMUSPRIME" failures="0" tests="4" name="com.TestNg_Methods.ScreenNavigation" time="0.051" errors="0" timestamp="13 Jun 2023 14:38:12 GMT" skipped="0">
  <testcase classname="com.TestNg_Methods.ScreenNavigation" name="navigateToRegistrationForm" time="0.021"/>
  <testcase classname="com.TestNg_Methods.ScreenNavigation" name="navigateToAlertAndPopUp" time="0.009"/>
  <testcase classname="com.TestNg_Methods.ScreenNavigation" name="navigateToMultipleWindows" time="0.013"/>
  <testcase classname="com.TestNg_Methods.ScreenNavigation" name="navigateToWebTable" time="0.008"/>
</testsuite> <!-- com.TestNg_Methods.ScreenNavigation -->
