<?xml version="1.0" encoding="UTF-8"?>
<!-- Generated by org.testng.reporters.JUnitReportReporter -->
<testsuite hostname="OPTIMUSPRIME" failures="0" tests="4" name="com.TestNg_Methods.ScreenNavigation_Class" time="0.009" errors="0" timestamp="2023-06-13T21:09:59 IST" skipped="0">
  <testcase classname="com.TestNg_Methods.ScreenNavigation_Class" name="navigateToRegistrationForm" time="0.002"/>
  <testcase classname="com.TestNg_Methods.ScreenNavigation_Class" name="navigateToAlertAndPopUp" time="0.002"/>
  <testcase classname="com.TestNg_Methods.ScreenNavigation_Class" name="navigateToMultipleWindows" time="0.003"/>
  <testcase classname="com.TestNg_Methods.ScreenNavigation_Class" name="navigateToWebTable" time="0.002"/>
</testsuite> <!-- com.TestNg_Methods.ScreenNavigation_Class -->
