<?xml version="1.0" encoding="UTF-8"?>
<!-- Generated by org.testng.reporters.JUnitReportReporter -->
<testsuite hostname="OPTIMUSPRIME" failures="0" tests="4" name="com.TestNg_Methods.ScreenNavigation_Method" time="0.059" errors="0" timestamp="2023-11-30T19:45:25 IST" skipped="0">
  <testcase classname="com.TestNg_Methods.ScreenNavigation_Method" name="navigateToRegistrationForm" time="0.004"/>
  <testcase classname="com.TestNg_Methods.ScreenNavigation_Method" name="navigateToAlertAndPopUp" time="0.005"/>
  <testcase classname="com.TestNg_Methods.ScreenNavigation_Method" name="navigateToMultipleWindows" time="0.046"/>
  <testcase classname="com.TestNg_Methods.ScreenNavigation_Method" name="navigateToWebTable" time="0.004"/>
</testsuite> <!-- com.TestNg_Methods.ScreenNavigation_Method -->
