<?xml version="1.0" encoding="UTF-8"?>
<!-- Generated by org.testng.reporters.JUnitReportReporter -->
<testsuite hostname="OPTIMUSPRIME" failures="0" tests="1" name="TestNGFrameWork.NewTest" time="27.937" errors="0" timestamp="17 Feb 2022 12:03:01 GMT" skipped="0">
  <testcase classname="TestNGFrameWork.NewTest" name="f" time="27.937"/>
</testsuite> <!-- TestNGFrameWork.NewTest -->
