<?xml version="1.0" encoding="UTF-8"?>
<!-- Generated by org.testng.reporters.JUnitReportReporter -->
<testsuite hostname="DESKTOP-QMSQO3B" failures="0" tests="7" name="com.parabank.testcases.ParaBankCustomerPageNavigation" time="5.132" errors="0" timestamp="2022-06-05T19:55:32 IST" skipped="0">
  <testcase classname="com.parabank.testcases.ParaBankCustomerPageNavigation" name="validatingOpenNewAccountNavigation" time="0.562"/>
  <system-out/>
  <testcase classname="com.parabank.testcases.ParaBankCustomerPageNavigation" name="validatingAccountsOverviewNavigation" time="0.543"/>
  <system-out/>
  <testcase classname="com.parabank.testcases.ParaBankCustomerPageNavigation" name="validatingTransferFundsNavigation" time="0.662"/>
  <system-out/>
  <testcase classname="com.parabank.testcases.ParaBankCustomerPageNavigation" name="validatingBillPayNavigation" time="0.876"/>
  <system-out/>
  <testcase classname="com.parabank.testcases.ParaBankCustomerPageNavigation" name="validatingFindTransactionsNavigation" time="0.651"/>
  <system-out/>
  <testcase classname="com.parabank.testcases.ParaBankCustomerPageNavigation" name="validatingUpdateContactInfoNavigation" time="0.586"/>
  <system-out/>
  <testcase classname="com.parabank.testcases.ParaBankCustomerPageNavigation" name="validatingRequestLoanNavigation" time="1.252"/>
  <system-out/>
</testsuite> <!-- com.parabank.testcases.ParaBankCustomerPageNavigation -->
