<?xml version="1.0" encoding="UTF-8"?>
<!-- Generated by org.testng.reporters.JUnitReportReporter -->
<testsuite hostname="DESKTOP-QMSQO3B" failures="0" tests="2" name="com.nxtgenai.testcases.Sample" time="2.736" errors="0" timestamp="2022-06-04T03:10:01 IST" skipped="0">
  <testcase classname="com.nxtgenai.testcases.Sample" name="navigateToRegisterDemoPage" time="2.712"/>
  <system-out>
    <![CDATA[Navigated to Register Demo Page]]>
  </system-out>
  <testcase classname="com.nxtgenai.testcases.Sample" name="test_2" time="0.024"/>
  <system-out/>
</testsuite> <!-- com.nxtgenai.testcases.Sample -->
