<?xml version="1.0" encoding="UTF-8"?>
<!-- Generated by org.testng.reporters.JUnitReportReporter -->
<testsuite hostname="DESKTOP-QMSQO3B" failures="0" tests="3" name="com.nxtgenai.testcases.HandlingMultipleWindows" time="0.001" errors="0" timestamp="2022-06-12T18:24:24 IST" skipped="3">
  <testcase classname="com.nxtgenai.testcases.HandlingMultipleWindows" name="handlingMultipleBrowsers" time="0.001">
    <skipped/>
  </testcase> <!-- handlingMultipleBrowsers -->
  <system-out/>
  <testcase classname="com.nxtgenai.testcases.HandlingMultipleWindows" name="handlingMultipleTabs" time="0.000">
    <skipped/>
  </testcase> <!-- handlingMultipleTabs -->
  <system-out/>
  <testcase classname="com.nxtgenai.testcases.HandlingMultipleWindows" name="handlingMultipleMessageWindow" time="0.000">
    <skipped/>
  </testcase> <!-- handlingMultipleMessageWindow -->
  <system-out/>
</testsuite> <!-- com.nxtgenai.testcases.HandlingMultipleWindows -->
