<?xml version="1.0" encoding="UTF-8"?>
<!-- Generated by org.testng.reporters.JUnitReportReporter -->
<testsuite hostname="DESKTOP-QMSQO3B" failures="0" tests="2" name="com.nxtgenai.testcases.RegisterDemo" time="0.003" errors="0" timestamp="2022-06-12T18:24:24 IST" skipped="2">
  <testcase classname="com.nxtgenai.testcases.RegisterDemo" name="registerUser" time="0.000">
    <skipped/>
  </testcase> <!-- registerUser -->
  <system-out/>
  <testcase classname="com.nxtgenai.testcases.RegisterDemo" name="registerUser" time="0.003">
    <skipped/>
  </testcase> <!-- registerUser -->
  <system-out/>
</testsuite> <!-- com.nxtgenai.testcases.RegisterDemo -->
