<?xml version="1.0" encoding="UTF-8"?>
<!-- Generated by org.testng.reporters.JUnitReportReporter -->
<testsuite hostname="DESKTOP-QMSQO3B" failures="0" tests="1" name="com.parabank.testcases.ParaBankCustomerLogin" time="3.524" errors="0" timestamp="2022-06-05T19:55:32 IST" skipped="0">
  <testcase classname="com.parabank.testcases.ParaBankCustomerLogin" name="loginCustomer" time="3.524"/>
  <system-out/>
</testsuite> <!-- com.parabank.testcases.ParaBankCustomerLogin -->
