<?xml version="1.0" encoding="UTF-8"?>
<!-- Generated by org.testng.reporters.JUnitReportReporter -->
<testsuite hostname="DESKTOP-QMSQO3B" failures="0" tests="3" name="com.nxtgenai.testcases.HandlingPopUp" time="0.001" errors="0" timestamp="2022-06-12T18:24:24 IST" skipped="3">
  <testcase classname="com.nxtgenai.testcases.HandlingPopUp" name="validateAlertPopUp" time="0.001">
    <skipped/>
  </testcase> <!-- validateAlertPopUp -->
  <system-out/>
  <testcase classname="com.nxtgenai.testcases.HandlingPopUp" name="validateConfirmAlertPopUp" time="0.000">
    <skipped/>
  </testcase> <!-- validateConfirmAlertPopUp -->
  <system-out/>
  <testcase classname="com.nxtgenai.testcases.HandlingPopUp" name="validatePromptAlertPopUp" time="0.000">
    <skipped/>
  </testcase> <!-- validatePromptAlertPopUp -->
  <system-out/>
</testsuite> <!-- com.nxtgenai.testcases.HandlingPopUp -->
