<?xml version="1.0" encoding="UTF-8"?>
<!-- Generated by org.testng.reporters.JUnitReportReporter -->
<testsuite hostname="DESKTOP-QMSQO3B" failures="0" tests="1" name="com.parabank.testcases.ParaBankCustomerRegistration" time="3.704" errors="0" timestamp="2021-12-14T10:06:41 IST" skipped="0">
  <testcase classname="com.parabank.testcases.ParaBankCustomerRegistration" name="registerParaBankUser" time="3.704"/>
  <system-out/>
</testsuite> <!-- com.parabank.testcases.ParaBankCustomerRegistration -->
