<?xml version="1.0" encoding="UTF-8"?>
<!-- Generated by org.testng.reporters.JUnitReportReporter -->
<testsuite hostname="DESKTOP-QMSQO3B" failures="0" tests="9" name="com.parabank.testcases.ParaBankHomePageNavigation" time="6.249" errors="0" timestamp="2022-06-05T19:55:32 IST" skipped="0">
  <testcase classname="com.parabank.testcases.ParaBankHomePageNavigation" name="validatingHomeIconNavigation" time="0.709"/>
  <system-out/>
  <testcase classname="com.parabank.testcases.ParaBankHomePageNavigation" name="validatingAboutUsIconNavigation" time="0.541"/>
  <system-out/>
  <testcase classname="com.parabank.testcases.ParaBankHomePageNavigation" name="validatingCustomerCareIconNavigation" time="0.540"/>
  <system-out/>
  <testcase classname="com.parabank.testcases.ParaBankHomePageNavigation" name="validatingAboutUsLinkNavigation" time="0.507"/>
  <system-out/>
  <testcase classname="com.parabank.testcases.ParaBankHomePageNavigation" name="validatingServicesLinkNavigation" time="1.108"/>
  <system-out/>
  <testcase classname="com.parabank.testcases.ParaBankHomePageNavigation" name="validatingAdminPageLinkNavigation" time="0.637"/>
  <system-out/>
  <testcase classname="com.parabank.testcases.ParaBankHomePageNavigation" name="validatingForgotLoginLinkNavigation" time="0.631"/>
  <system-out/>
  <testcase classname="com.parabank.testcases.ParaBankHomePageNavigation" name="validatingRegisterLinkNavigation" time="0.521"/>
  <system-out/>
  <testcase classname="com.parabank.testcases.ParaBankHomePageNavigation" name="validatingLatestNewsNavigation" time="1.055"/>
  <system-out/>
</testsuite> <!-- com.parabank.testcases.ParaBankHomePageNavigation -->
