<?xml version="1.0" encoding="UTF-8"?>
<!-- Generated by org.testng.reporters.JUnitReportReporter -->
<testsuite hostname="OPTIMUSPRIME" failures="0" tests="4" name="com.NxtGenAI.TestCase.TestingParameterizationTestNGExcel" time="0.030" errors="0" timestamp="01 Jul 2023 16:06:29 GMT" skipped="0">
  <testcase classname="com.NxtGenAI.TestCase.TestingParameterizationTestNGExcel" name="registerUser" time="0.002"/>
  <testcase classname="com.NxtGenAI.TestCase.TestingParameterizationTestNGExcel" name="registerUser" time="0.008"/>
  <testcase classname="com.NxtGenAI.TestCase.TestingParameterizationTestNGExcel" name="registerUser" time="0.018"/>
  <testcase classname="com.NxtGenAI.TestCase.TestingParameterizationTestNGExcel" name="registerUser" time="0.002"/>
</testsuite> <!-- com.NxtGenAI.TestCase.TestingParameterizationTestNGExcel -->
