<?xml version="1.0" encoding="UTF-8"?>
<!-- Generated by org.testng.reporters.JUnitReportReporter -->
<testsuite hostname="OPTIMUSPRIME" failures="0" tests="3" name="com.NxtGenAI.TestCase.TestNGParameterization" time="0.034" errors="0" timestamp="01 Jul 2023 15:05:40 GMT" skipped="0">
  <testcase classname="com.NxtGenAI.TestCase.TestNGParameterization" name="registerUser" time="0.003"/>
  <testcase classname="com.NxtGenAI.TestCase.TestNGParameterization" name="registerUser" time="0.028"/>
  <testcase classname="com.NxtGenAI.TestCase.TestNGParameterization" name="registerUser" time="0.003"/>
</testsuite> <!-- com.NxtGenAI.TestCase.TestNGParameterization -->
