<?xml version="1.0" encoding="UTF-8"?>
<!-- Generated by org.testng.reporters.JUnitReportReporter -->
<testsuite skipped="0" hostname="OPTIMUSPRIME" name="com.TestNG.TGN_002" tests="1" failures="0" timestamp="17 Feb 2022 12:07:53 GMT" time="8.923" errors="0">
  <testcase name="f" time="8.923" classname="com.TestNG.TGN_002"/>
</testsuite> <!-- com.TestNG.TGN_002 -->
