<?xml version="1.0" encoding="UTF-8"?>
<!-- Generated by org.testng.reporters.JUnitReportReporter -->
<testsuite skipped="0" hostname="OPTIMUSPRIME" name="com.TestNG.TGN_001" tests="1" failures="0" timestamp="16 Feb 2022 16:29:49 GMT" time="63.758" errors="0">
  <testcase name="amazon" time="63.758" classname="com.TestNG.TGN_001"/>
</testsuite> <!-- com.TestNG.TGN_001 -->
