<?xml version="1.0" encoding="UTF-8"?>
<!-- Generated by org.testng.reporters.JUnitReportReporter -->
<testsuite skipped="0" hostname="OPTIMUSPRIME" name="com.TestNG.TGN_001" tests="1" failures="0" timestamp="17 Feb 2022 12:07:53 GMT" time="30.674" errors="0">
  <testcase name="amazon" time="30.674" classname="com.TestNG.TGN_001"/>
</testsuite> <!-- com.TestNG.TGN_001 -->
